<?xml version="1.0" encoding="UTF-8"?>
<!-- Generated by org.testng.reporters.JUnitReportReporter -->
<testsuite hostname="Ramya" failures="0" tests="1" name="testcases.TC_002_LoginTest" time="2.148" errors="0" timestamp="2025-05-10T22:59:18 IST" skipped="0">
  <testcase classname="testcases.TC_002_LoginTest" name="verify_login" time="2.148"/>
</testsuite> <!-- testcases.TC_002_LoginTest -->
