<?xml version="1.0" encoding="UTF-8"?>
<!-- Generated by org.testng.reporters.JUnitReportReporter -->
<testsuite hostname="Ramya" failures="0" tests="1" name="testcases.TC_001_AccountRegisterPage" time="6.283" errors="0" timestamp="2025-05-10T22:59:18 IST" skipped="0">
  <testcase classname="testcases.TC_001_AccountRegisterPage" name="verifyAccountRegister" time="6.283"/>
</testsuite> <!-- testcases.TC_001_AccountRegisterPage -->
