<?xml version="1.0" encoding="UTF-8"?>
<!-- Generated by org.testng.reporters.JUnitReportReporter -->
<testsuite hostname="Ramya" failures="0" tests="1" name="testcases.TC_002_LoginTest" time="1.639" errors="0" timestamp="2025-05-11T13:56:28 IST" skipped="0">
  <testcase classname="testcases.TC_002_LoginTest" name="verify_login" time="1.639"/>
</testsuite> <!-- testcases.TC_002_LoginTest -->
